/home/kisangpark/Arm_control/install/arm/lib/python3.10/site-packages/arm/servo_control.py
/home/kisangpark/Arm_control/install/arm/lib/python3.10/site-packages/arm/get_frame.py
/home/kisangpark/Arm_control/install/arm/lib/python3.10/site-packages/arm/make_action.py
/home/kisangpark/Arm_control/install/arm/lib/python3.10/site-packages/arm/__init__.py
/home/kisangpark/Arm_control/install/arm/lib/python3.10/site-packages/arm/__pycache__/servo_control.cpython-310.pyc
/home/kisangpark/Arm_control/install/arm/lib/python3.10/site-packages/arm/__pycache__/get_frame.cpython-310.pyc
/home/kisangpark/Arm_control/install/arm/lib/python3.10/site-packages/arm/__pycache__/make_action.cpython-310.pyc
/home/kisangpark/Arm_control/install/arm/lib/python3.10/site-packages/arm/__pycache__/__init__.cpython-310.pyc
/home/kisangpark/Arm_control/install/arm/share/ament_index/resource_index/packages/arm
/home/kisangpark/Arm_control/install/arm/share/arm/package.xml
/home/kisangpark/Arm_control/install/arm/share/arm/launch/xacro_load.launch.py
/home/kisangpark/Arm_control/install/arm/share/arm/launch/full.launch.py
/home/kisangpark/Arm_control/install/arm/share/arm/xacro/arm.xacro
/home/kisangpark/Arm_control/install/arm/share/arm/xacro/arm_error.xacro
/home/kisangpark/Arm_control/install/arm/share/arm/xacro/macros.xacro
/home/kisangpark/Arm_control/install/arm/lib/python3.10/site-packages/arm-0.0.0-py3.10.egg-info/entry_points.txt
/home/kisangpark/Arm_control/install/arm/lib/python3.10/site-packages/arm-0.0.0-py3.10.egg-info/zip-safe
/home/kisangpark/Arm_control/install/arm/lib/python3.10/site-packages/arm-0.0.0-py3.10.egg-info/SOURCES.txt
/home/kisangpark/Arm_control/install/arm/lib/python3.10/site-packages/arm-0.0.0-py3.10.egg-info/top_level.txt
/home/kisangpark/Arm_control/install/arm/lib/python3.10/site-packages/arm-0.0.0-py3.10.egg-info/PKG-INFO
/home/kisangpark/Arm_control/install/arm/lib/python3.10/site-packages/arm-0.0.0-py3.10.egg-info/requires.txt
/home/kisangpark/Arm_control/install/arm/lib/python3.10/site-packages/arm-0.0.0-py3.10.egg-info/dependency_links.txt
/home/kisangpark/Arm_control/install/arm/lib/arm/get_frame
/home/kisangpark/Arm_control/install/arm/lib/arm/make_action
/home/kisangpark/Arm_control/install/arm/lib/arm/servo_control
