/home/kisang/Arm_control/robot/install/arm/lib/python3.9/site-packages/arm/get_frame.py
/home/kisang/Arm_control/robot/install/arm/lib/python3.9/site-packages/arm/make_action.py
/home/kisang/Arm_control/robot/install/arm/lib/python3.9/site-packages/arm/__init__.py
/home/kisang/Arm_control/robot/install/arm/lib/python3.9/site-packages/arm/servo_control.py
/home/kisang/Arm_control/robot/install/arm/lib/python3.9/site-packages/arm/__pycache__/get_frame.cpython-39.pyc
/home/kisang/Arm_control/robot/install/arm/lib/python3.9/site-packages/arm/__pycache__/make_action.cpython-39.pyc
/home/kisang/Arm_control/robot/install/arm/lib/python3.9/site-packages/arm/__pycache__/__init__.cpython-39.pyc
/home/kisang/Arm_control/robot/install/arm/lib/python3.9/site-packages/arm/__pycache__/servo_control.cpython-39.pyc
/home/kisang/Arm_control/robot/install/arm/share/ament_index/resource_index/packages/arm
/home/kisang/Arm_control/robot/install/arm/share/arm/package.xml
/home/kisang/Arm_control/robot/install/arm/share/arm/launch/full.launch.py
/home/kisang/Arm_control/robot/install/arm/lib/python3.9/site-packages/arm-0.0.0-py3.9.egg-info/requires.txt
/home/kisang/Arm_control/robot/install/arm/lib/python3.9/site-packages/arm-0.0.0-py3.9.egg-info/top_level.txt
/home/kisang/Arm_control/robot/install/arm/lib/python3.9/site-packages/arm-0.0.0-py3.9.egg-info/zip-safe
/home/kisang/Arm_control/robot/install/arm/lib/python3.9/site-packages/arm-0.0.0-py3.9.egg-info/SOURCES.txt
/home/kisang/Arm_control/robot/install/arm/lib/python3.9/site-packages/arm-0.0.0-py3.9.egg-info/entry_points.txt
/home/kisang/Arm_control/robot/install/arm/lib/python3.9/site-packages/arm-0.0.0-py3.9.egg-info/dependency_links.txt
/home/kisang/Arm_control/robot/install/arm/lib/python3.9/site-packages/arm-0.0.0-py3.9.egg-info/PKG-INFO
/home/kisang/Arm_control/robot/install/arm/lib/arm/get_frame
/home/kisang/Arm_control/robot/install/arm/lib/arm/make_action
/home/kisang/Arm_control/robot/install/arm/lib/arm/servo_control
